<?xml version="1.0" encoding="UTF-8"?>
<coverage generated="1720839525109" clover="3.2.0">
  <project timestamp="1720839525109" name="All files">
    <metrics statements="22" coveredstatements="16" conditionals="8" coveredconditionals="4" methods="5" coveredmethods="2" elements="35" coveredelements="22" complexity="0" loc="22" ncloc="22" packages="1" files="1" classes="1"/>
    <file name="generateLogo.js" path="/Users/jameswhatcott/Documents/bootcamp/homework-10-jw/generateLogo.js">
      <metrics statements="22" coveredstatements="16" conditionals="8" coveredconditionals="4" methods="5" coveredmethods="2"/>
      <line num="1" count="1" type="stmt"/>
      <line num="2" count="1" type="stmt"/>
      <line num="4" count="1" type="stmt"/>
      <line num="13" count="1" type="stmt"/>
      <line num="20" count="0" type="cond" truecount="0" falsecount="2"/>
      <line num="21" count="0" type="stmt"/>
      <line num="23" count="0" type="stmt"/>
      <line num="45" count="0" type="stmt"/>
      <line num="46" count="0" type="stmt"/>
      <line num="47" count="0" type="cond" truecount="0" falsecount="2"/>
      <line num="54" count="9" type="stmt"/>
      <line num="58" count="9" type="cond" truecount="4" falsecount="0"/>
      <line num="60" count="3" type="stmt"/>
      <line num="61" count="3" type="stmt"/>
      <line num="63" count="2" type="stmt"/>
      <line num="64" count="2" type="stmt"/>
      <line num="66" count="2" type="stmt"/>
      <line num="67" count="2" type="stmt"/>
      <line num="69" count="2" type="stmt"/>
      <line num="72" count="9" type="stmt"/>
      <line num="80" count="1" type="stmt"/>
      <line num="84" count="1" type="stmt"/>
    </file>
  </project>
</coverage>
