{"/Users/jameswhatcott/Documents/bootcamp/homework-10-jw/generateLogo.js": {"path":"/Users/jameswhatcott/Documents/bootcamp/homework-10-jw/generateLogo.js","statementMap":{"0":{"start":{"line":1,"column":17},"end":{"line":1,"column":36}},"1":{"start":{"line":2,"column":11},"end":{"line":2,"column":24}},"2":{"start":{"line":4,"column":18},"end":{"line":9,"column":1}},"3":{"start":{"line":13,"column":2},"end":{"line":49,"column":6}},"4":{"start":{"line":20,"column":8},"end":{"line":22,"column":9}},"5":{"start":{"line":21,"column":10},"end":{"line":21,"column":54}},"6":{"start":{"line":23,"column":8},"end":{"line":23,"column":20}},"7":{"start":{"line":45,"column":4},"end":{"line":45,"column":26}},"8":{"start":{"line":46,"column":4},"end":{"line":49,"column":3}},"9":{"start":{"line":47,"column":4},"end":{"line":47,"column":64}},"10":{"start":{"line":54,"column":49},"end":{"line":54,"column":57}},"11":{"start":{"line":58,"column":2},"end":{"line":70,"column":3}},"12":{"start":{"line":60,"column":6},"end":{"line":60,"column":80}},"13":{"start":{"line":61,"column":6},"end":{"line":61,"column":12}},"14":{"start":{"line":63,"column":6},"end":{"line":63,"column":92}},"15":{"start":{"line":64,"column":6},"end":{"line":64,"column":12}},"16":{"start":{"line":66,"column":6},"end":{"line":66,"column":87}},"17":{"start":{"line":67,"column":6},"end":{"line":67,"column":12}},"18":{"start":{"line":69,"column":6},"end":{"line":69,"column":24}},"19":{"start":{"line":72,"column":2},"end":{"line":77,"column":4}},"20":{"start":{"line":80,"column":0},"end":{"line":80,"column":7}},"21":{"start":{"line":84,"column":0},"end":{"line":84,"column":30}}},"fnMap":{"0":{"name":"init","decl":{"start":{"line":11,"column":9},"end":{"line":11,"column":13}},"loc":{"start":{"line":11,"column":16},"end":{"line":51,"column":1}},"line":11},"1":{"name":"(anonymous_1)","decl":{"start":{"line":19,"column":16},"end":{"line":19,"column":17}},"loc":{"start":{"line":19,"column":33},"end":{"line":24,"column":7}},"line":19},"2":{"name":"(anonymous_2)","decl":{"start":{"line":44,"column":8},"end":{"line":44,"column":9}},"loc":{"start":{"line":44,"column":22},"end":{"line":49,"column":4}},"line":44},"3":{"name":"(anonymous_3)","decl":{"start":{"line":46,"column":53},"end":{"line":46,"column":54}},"loc":{"start":{"line":47,"column":4},"end":{"line":47,"column":64}},"line":47},"4":{"name":"generateLogo","decl":{"start":{"line":53,"column":9},"end":{"line":53,"column":21}},"loc":{"start":{"line":53,"column":32},"end":{"line":78,"column":1}},"line":53}},"branchMap":{"0":{"loc":{"start":{"line":20,"column":8},"end":{"line":22,"column":9}},"type":"if","locations":[{"start":{"line":20,"column":8},"end":{"line":22,"column":9}},{"start":{},"end":{}}],"line":20},"1":{"loc":{"start":{"line":47,"column":4},"end":{"line":47,"column":64}},"type":"cond-expr","locations":[{"start":{"line":47,"column":10},"end":{"line":47,"column":28}},{"start":{"line":47,"column":31},"end":{"line":47,"column":64}}],"line":47},"2":{"loc":{"start":{"line":58,"column":2},"end":{"line":70,"column":3}},"type":"switch","locations":[{"start":{"line":59,"column":4},"end":{"line":61,"column":12}},{"start":{"line":62,"column":4},"end":{"line":64,"column":12}},{"start":{"line":65,"column":4},"end":{"line":67,"column":12}},{"start":{"line":68,"column":4},"end":{"line":69,"column":24}}],"line":58}},"s":{"0":1,"1":1,"2":1,"3":1,"4":0,"5":0,"6":0,"7":0,"8":0,"9":0,"10":9,"11":9,"12":3,"13":3,"14":2,"15":2,"16":2,"17":2,"18":2,"19":9,"20":1,"21":1},"f":{"0":1,"1":0,"2":0,"3":0,"4":9},"b":{"0":[0,0],"1":[0,0],"2":[3,2,2,2]},"_coverageSchema":"1a1c01bbd47fc00a2c39e90264f33305004495a9","hash":"3a71bab19d74e154d94cb2cd1d4de084446d8703"}
}
