TN:
SF:generateLogo.js
FN:11,init
FN:19,(anonymous_1)
FN:44,(anonymous_2)
FN:46,(anonymous_3)
FN:53,generateLogo
FNF:5
FNH:2
FNDA:1,init
FNDA:0,(anonymous_1)
FNDA:0,(anonymous_2)
FNDA:0,(anonymous_3)
FNDA:9,generateLogo
DA:1,1
DA:2,1
DA:4,1
DA:13,1
DA:20,0
DA:21,0
DA:23,0
DA:45,0
DA:46,0
DA:47,0
DA:54,9
DA:58,9
DA:60,3
DA:61,3
DA:63,2
DA:64,2
DA:66,2
DA:67,2
DA:69,2
DA:72,9
DA:80,1
DA:84,1
LF:22
LH:16
BRDA:20,0,0,0
BRDA:20,0,1,0
BRDA:47,1,0,0
BRDA:47,1,1,0
BRDA:58,2,0,3
BRDA:58,2,1,2
BRDA:58,2,2,2
BRDA:58,2,3,2
BRF:8
BRH:4
end_of_record
